ERROR 10-13 02:07:33.0215  [28]  Microsoft.EntityFrameworkCore.DbUpdateException: An error occurred while updating the entries. See the inner exception for details. ---> System.Data.SqlClient.SqlException: The UPDATE statement conflicted with the FOREIGN KEY constraint "FK_Interviewer_Role_RoleId". The conflict occurred in database "TakeYourJob", table "dbo.Role", column 'Id'.
The statement has been terminated.
   at System.Data.SqlClient.SqlCommand.<>c.<ExecuteDbDataReaderAsync>b__122_0(Task`1 result)
   at System.Threading.Tasks.ContinuationResultTaskFromResultTask`2.InnerInvoke()
   at System.Threading.ExecutionContext.RunInternal(ExecutionContext executionContext, ContextCallback callback, Object state)
--- End of stack trace from previous location where exception was thrown ---
   at System.Threading.Tasks.Task.ExecuteWithThreadLocal(Task& currentTaskSlot)
--- End of stack trace from previous location where exception was thrown ---
   at Microsoft.EntityFrameworkCore.Storage.Internal.RelationalCommand.ExecuteAsync(IRelationalConnection connection, DbCommandMethod executeMethod, IReadOnlyDictionary`2 parameterValues, CancellationToken cancellationToken)
   at Microsoft.EntityFrameworkCore.Update.ReaderModificationCommandBatch.ExecuteAsync(IRelationalConnection connection, CancellationToken cancellationToken)
   --- End of inner exception stack trace ---
   at Microsoft.EntityFrameworkCore.Update.ReaderModificationCommandBatch.ExecuteAsync(IRelationalConnection connection, CancellationToken cancellationToken)
   at Microsoft.EntityFrameworkCore.Update.Internal.BatchExecutor.ExecuteAsync(DbContext _, ValueTuple`2 parameters, CancellationToken cancellationToken)
   at Microsoft.EntityFrameworkCore.SqlServer.Storage.Internal.SqlServerExecutionStrategy.ExecuteAsync[TState,TResult](TState state, Func`4 operation, Func`4 verifySucceeded, CancellationToken cancellationToken)
   at Microsoft.EntityFrameworkCore.ChangeTracking.Internal.StateManager.SaveChangesAsync(IReadOnlyList`1 entriesToSave, CancellationToken cancellationToken)
   at Microsoft.EntityFrameworkCore.ChangeTracking.Internal.StateManager.SaveChangesAsync(Boolean acceptAllChangesOnSuccess, CancellationToken cancellationToken)
   at Microsoft.EntityFrameworkCore.DbContext.SaveChangesAsync(Boolean acceptAllChangesOnSuccess, CancellationToken cancellationToken)
   at AspireSystems.Service.Repository.BaseRepositoryAsync`1.UpdateAsync(TEntity entity) in C:\Users\Sony\Documents\Visual Studio 2015\Projects\TakeYourJob\Source Code Base\CompanyName.Service\Repository\BaseRepositoryAsync.cs:line 113
   at AspireSystems.Service.Services.BaseAsyncService`1.UpdateAsync(TEntity entity) in C:\Users\Sony\Documents\Visual Studio 2015\Projects\TakeYourJob\Source Code Base\CompanyName.Service\Services\BaseAsyncService.cs:line 74
   at AspireSystems.Api.Controllers.BaseAsyncController`2.Put(TDto entity) in C:\Users\Sony\Documents\Visual Studio 2015\Projects\TakeYourJob\Source Code Base\CompanyName.Api\Controllers\BaseAsyncController.cs:line 180
   at Microsoft.AspNetCore.Mvc.Internal.ActionMethodExecutor.TaskOfIActionResultExecutor.Execute(IActionResultTypeMapper mapper, ObjectMethodExecutor executor, Object controller, Object[] arguments)
   at Microsoft.AspNetCore.Mvc.Internal.ControllerActionInvoker.InvokeActionMethodAsync()
   at Microsoft.AspNetCore.Mvc.Internal.ControllerActionInvoker.InvokeNextActionFilterAsync()
   at Microsoft.AspNetCore.Mvc.Internal.ControllerActionInvoker.Rethrow(ActionExecutedContext context)
   at Microsoft.AspNetCore.Mvc.Internal.ControllerActionInvoker.Next(State& next, Scope& scope, Object& state, Boolean& isCompleted)
   at Microsoft.AspNetCore.Mvc.Internal.ControllerActionInvoker.InvokeInnerFilterAsync()
   at Microsoft.AspNetCore.Mvc.Internal.ResourceInvoker.InvokeNextExceptionFilterAsync()
User Name : 
URL : /api/Interviewer
Content : 

ERROR 10-13 02:14:06.5035  [28]  Microsoft.EntityFrameworkCore.DbUpdateException: An error occurred while updating the entries. See the inner exception for details. ---> System.Data.SqlClient.SqlException: The UPDATE statement conflicted with the FOREIGN KEY constraint "FK_Interviewer_Role_RoleId". The conflict occurred in database "TakeYourJob", table "dbo.Role", column 'Id'.
The statement has been terminated.
   at System.Data.SqlClient.SqlCommand.<>c.<ExecuteDbDataReaderAsync>b__122_0(Task`1 result)
   at System.Threading.Tasks.ContinuationResultTaskFromResultTask`2.InnerInvoke()
   at System.Threading.ExecutionContext.RunInternal(ExecutionContext executionContext, ContextCallback callback, Object state)
--- End of stack trace from previous location where exception was thrown ---
   at System.Threading.Tasks.Task.ExecuteWithThreadLocal(Task& currentTaskSlot)
--- End of stack trace from previous location where exception was thrown ---
   at Microsoft.EntityFrameworkCore.Storage.Internal.RelationalCommand.ExecuteAsync(IRelationalConnection connection, DbCommandMethod executeMethod, IReadOnlyDictionary`2 parameterValues, CancellationToken cancellationToken)
   at Microsoft.EntityFrameworkCore.Update.ReaderModificationCommandBatch.ExecuteAsync(IRelationalConnection connection, CancellationToken cancellationToken)
   --- End of inner exception stack trace ---
   at Microsoft.EntityFrameworkCore.Update.ReaderModificationCommandBatch.ExecuteAsync(IRelationalConnection connection, CancellationToken cancellationToken)
   at Microsoft.EntityFrameworkCore.Update.Internal.BatchExecutor.ExecuteAsync(DbContext _, ValueTuple`2 parameters, CancellationToken cancellationToken)
   at Microsoft.EntityFrameworkCore.SqlServer.Storage.Internal.SqlServerExecutionStrategy.ExecuteAsync[TState,TResult](TState state, Func`4 operation, Func`4 verifySucceeded, CancellationToken cancellationToken)
   at Microsoft.EntityFrameworkCore.ChangeTracking.Internal.StateManager.SaveChangesAsync(IReadOnlyList`1 entriesToSave, CancellationToken cancellationToken)
   at Microsoft.EntityFrameworkCore.ChangeTracking.Internal.StateManager.SaveChangesAsync(Boolean acceptAllChangesOnSuccess, CancellationToken cancellationToken)
   at Microsoft.EntityFrameworkCore.DbContext.SaveChangesAsync(Boolean acceptAllChangesOnSuccess, CancellationToken cancellationToken)
   at AspireSystems.Service.Repository.BaseRepositoryAsync`1.UpdateAsync(TEntity entity) in C:\Users\Sony\Documents\Visual Studio 2015\Projects\TakeYourJob\Source Code Base\CompanyName.Service\Repository\BaseRepositoryAsync.cs:line 113
   at AspireSystems.Service.Services.BaseAsyncService`1.UpdateAsync(TEntity entity) in C:\Users\Sony\Documents\Visual Studio 2015\Projects\TakeYourJob\Source Code Base\CompanyName.Service\Services\BaseAsyncService.cs:line 74
   at AspireSystems.Api.Controllers.BaseAsyncController`2.Put(TDto entity) in C:\Users\Sony\Documents\Visual Studio 2015\Projects\TakeYourJob\Source Code Base\CompanyName.Api\Controllers\BaseAsyncController.cs:line 180
   at Microsoft.AspNetCore.Mvc.Internal.ActionMethodExecutor.TaskOfIActionResultExecutor.Execute(IActionResultTypeMapper mapper, ObjectMethodExecutor executor, Object controller, Object[] arguments)
   at Microsoft.AspNetCore.Mvc.Internal.ControllerActionInvoker.InvokeActionMethodAsync()
   at Microsoft.AspNetCore.Mvc.Internal.ControllerActionInvoker.InvokeNextActionFilterAsync()
   at Microsoft.AspNetCore.Mvc.Internal.ControllerActionInvoker.Rethrow(ActionExecutedContext context)
   at Microsoft.AspNetCore.Mvc.Internal.ControllerActionInvoker.Next(State& next, Scope& scope, Object& state, Boolean& isCompleted)
   at Microsoft.AspNetCore.Mvc.Internal.ControllerActionInvoker.InvokeInnerFilterAsync()
   at Microsoft.AspNetCore.Mvc.Internal.ResourceInvoker.InvokeNextExceptionFilterAsync()
User Name : 
URL : /api/Interviewer
Content : 

ERROR 10-13 03:04:12.6174  [28]  Microsoft.EntityFrameworkCore.DbUpdateException: An error occurred while updating the entries. See the inner exception for details. ---> System.Data.SqlClient.SqlException: The UPDATE statement conflicted with the FOREIGN KEY constraint "FK_Interviewer_Role_RoleId". The conflict occurred in database "TakeYourJob", table "dbo.Role", column 'Id'.
The statement has been terminated.
   at System.Data.SqlClient.SqlCommand.<>c.<ExecuteDbDataReaderAsync>b__122_0(Task`1 result)
   at System.Threading.Tasks.ContinuationResultTaskFromResultTask`2.InnerInvoke()
   at System.Threading.ExecutionContext.RunInternal(ExecutionContext executionContext, ContextCallback callback, Object state)
--- End of stack trace from previous location where exception was thrown ---
   at System.Threading.Tasks.Task.ExecuteWithThreadLocal(Task& currentTaskSlot)
--- End of stack trace from previous location where exception was thrown ---
   at Microsoft.EntityFrameworkCore.Storage.Internal.RelationalCommand.ExecuteAsync(IRelationalConnection connection, DbCommandMethod executeMethod, IReadOnlyDictionary`2 parameterValues, CancellationToken cancellationToken)
   at Microsoft.EntityFrameworkCore.Update.ReaderModificationCommandBatch.ExecuteAsync(IRelationalConnection connection, CancellationToken cancellationToken)
   --- End of inner exception stack trace ---
   at Microsoft.EntityFrameworkCore.Update.ReaderModificationCommandBatch.ExecuteAsync(IRelationalConnection connection, CancellationToken cancellationToken)
   at Microsoft.EntityFrameworkCore.Update.Internal.BatchExecutor.ExecuteAsync(DbContext _, ValueTuple`2 parameters, CancellationToken cancellationToken)
   at Microsoft.EntityFrameworkCore.SqlServer.Storage.Internal.SqlServerExecutionStrategy.ExecuteAsync[TState,TResult](TState state, Func`4 operation, Func`4 verifySucceeded, CancellationToken cancellationToken)
   at Microsoft.EntityFrameworkCore.ChangeTracking.Internal.StateManager.SaveChangesAsync(IReadOnlyList`1 entriesToSave, CancellationToken cancellationToken)
   at Microsoft.EntityFrameworkCore.ChangeTracking.Internal.StateManager.SaveChangesAsync(Boolean acceptAllChangesOnSuccess, CancellationToken cancellationToken)
   at Microsoft.EntityFrameworkCore.DbContext.SaveChangesAsync(Boolean acceptAllChangesOnSuccess, CancellationToken cancellationToken)
   at AspireSystems.Service.Repository.BaseRepositoryAsync`1.UpdateAsync(TEntity entity) in C:\Users\Sony\Documents\Visual Studio 2015\Projects\TakeYourJob\Source Code Base\CompanyName.Service\Repository\BaseRepositoryAsync.cs:line 113
   at AspireSystems.Service.Services.BaseAsyncService`1.UpdateAsync(TEntity entity) in C:\Users\Sony\Documents\Visual Studio 2015\Projects\TakeYourJob\Source Code Base\CompanyName.Service\Services\BaseAsyncService.cs:line 74
   at AspireSystems.Api.Controllers.BaseAsyncController`2.Put(TDto entity) in C:\Users\Sony\Documents\Visual Studio 2015\Projects\TakeYourJob\Source Code Base\CompanyName.Api\Controllers\BaseAsyncController.cs:line 180
   at Microsoft.AspNetCore.Mvc.Internal.ActionMethodExecutor.TaskOfIActionResultExecutor.Execute(IActionResultTypeMapper mapper, ObjectMethodExecutor executor, Object controller, Object[] arguments)
   at Microsoft.AspNetCore.Mvc.Internal.ControllerActionInvoker.InvokeActionMethodAsync()
   at Microsoft.AspNetCore.Mvc.Internal.ControllerActionInvoker.InvokeNextActionFilterAsync()
   at Microsoft.AspNetCore.Mvc.Internal.ControllerActionInvoker.Rethrow(ActionExecutedContext context)
   at Microsoft.AspNetCore.Mvc.Internal.ControllerActionInvoker.Next(State& next, Scope& scope, Object& state, Boolean& isCompleted)
   at Microsoft.AspNetCore.Mvc.Internal.ControllerActionInvoker.InvokeInnerFilterAsync()
   at Microsoft.AspNetCore.Mvc.Internal.ResourceInvoker.InvokeNextExceptionFilterAsync()
User Name : 
URL : /api/Interviewer
Content : 

ERROR 10-14 02:11:24.8409  [4]  AutoMapper.AutoMapperMappingException: Error mapping types.

Mapping types:
InterviewerDto -> Interviewer
AspireSystems.TakeYourJob.Infrastructure.Dtos.InterviewerDto -> AspireSystems.TakeYourJob.BusinessService.Models.Interviewer

Type Map configuration:
InterviewerDto -> Interviewer
AspireSystems.TakeYourJob.Infrastructure.Dtos.InterviewerDto -> AspireSystems.TakeYourJob.BusinessService.Models.Interviewer

Property:
RoleId ---> System.FormatException: Guid should contain 32 digits with 4 dashes (xxxxxxxx-xxxx-xxxx-xxxx-xxxxxxxxxxxx).
   at System.Guid.GuidResult.SetFailure(ParseFailureKind failure, String failureMessageID, Object failureMessageFormatArgument, String failureArgumentName, Exception innerException)
   at System.Guid.TryParseGuidWithNoStyle(ReadOnlySpan`1 guidString, GuidResult& result)
   at System.Guid.TryParseGuid(ReadOnlySpan`1 guidString, GuidStyles flags, GuidResult& result)
   at System.Guid.Parse(ReadOnlySpan`1 input)
   at System.Guid.Parse(String input)
   at AspireSystems.Api.BaseMappers.BaseModelMapperProfile.<>c.<.ctor>b__0_0(String s) in C:\Users\Sony\Documents\Visual Studio 2015\Projects\TakeYourJob\Source Code Base\CompanyName.Api\BaseMappers\BaseModelMapperProfile.cs:line 13
   at lambda_method(Closure , Object , Object , ResolutionContext )
   --- End of inner exception stack trace ---
   at lambda_method(Closure , Object , Object , ResolutionContext )
   at AutoMapper.Mapper.AutoMapper.IMapper.Map[TDestination](Object source)
   at AspireSystems.Api.BaseMappers.BaseDtoToModelMapper`2.Map(TSource source) in C:\Users\Sony\Documents\Visual Studio 2015\Projects\TakeYourJob\Source Code Base\CompanyName.Api\BaseMappers\BaseDtoToModelMapper.cs:line 24
   at AspireSystems.TakeYourJob.WebApi.Controllers.InterviewerController.PostRecruiter(InterviewerDto recruiter) in C:\Users\Sony\Documents\Visual Studio 2015\Projects\TakeYourJob\Source Code Base\CompanyName.ProductName.WebApi\Controllers\InterviewerController.cs:line 43
   at lambda_method(Closure , Object , Object[] )
   at Microsoft.AspNetCore.Mvc.Internal.ActionMethodExecutor.SyncActionResultExecutor.Execute(IActionResultTypeMapper mapper, ObjectMethodExecutor executor, Object controller, Object[] arguments)
   at Microsoft.AspNetCore.Mvc.Internal.ControllerActionInvoker.InvokeActionMethodAsync()
   at Microsoft.AspNetCore.Mvc.Internal.ControllerActionInvoker.InvokeNextActionFilterAsync()
   at Microsoft.AspNetCore.Mvc.Internal.ControllerActionInvoker.Rethrow(ActionExecutedContext context)
   at Microsoft.AspNetCore.Mvc.Internal.ControllerActionInvoker.Next(State& next, Scope& scope, Object& state, Boolean& isCompleted)
   at Microsoft.AspNetCore.Mvc.Internal.ControllerActionInvoker.InvokeInnerFilterAsync()
   at Microsoft.AspNetCore.Mvc.Internal.ResourceInvoker.InvokeNextExceptionFilterAsync()
User Name : 
URL : /api/Interviewer/PostInterviewer
Content : 

ERROR 10-14 06:29:19.3300  [4]  System.Data.SqlClient.SqlException (0x80131904): The parameterized query '(@p0 nvarchar(4),@p1 nvarchar(14),@p2 bigint,@p3 nvarchar(10),@p' expects the parameter '@p10', which was not supplied.
   at System.Data.SqlClient.SqlConnection.OnError(SqlException exception, Boolean breakConnection, Action`1 wrapCloseInAction)
   at System.Data.SqlClient.TdsParser.ThrowExceptionAndWarning(TdsParserStateObject stateObj, Boolean callerHasConnectionLock, Boolean asyncClose)
   at System.Data.SqlClient.TdsParser.TryRun(RunBehavior runBehavior, SqlCommand cmdHandler, SqlDataReader dataStream, BulkCopySimpleResultSet bulkCopyHandler, TdsParserStateObject stateObj, Boolean& dataReady)
   at System.Data.SqlClient.SqlCommand.FinishExecuteReader(SqlDataReader ds, RunBehavior runBehavior, String resetOptionsString)
   at System.Data.SqlClient.SqlCommand.RunExecuteReaderTds(CommandBehavior cmdBehavior, RunBehavior runBehavior, Boolean returnStream, Boolean async, Int32 timeout, Task& task, Boolean asyncWrite, SqlDataReader ds)
   at System.Data.SqlClient.SqlCommand.InternalExecuteNonQuery(TaskCompletionSource`1 completion, Boolean sendToPipe, Int32 timeout, Boolean asyncWrite, String methodName)
   at System.Data.SqlClient.SqlCommand.ExecuteNonQuery()
   at Microsoft.EntityFrameworkCore.Storage.Internal.RelationalCommand.Execute(IRelationalConnection connection, DbCommandMethod executeMethod, IReadOnlyDictionary`2 parameterValues)
   at Microsoft.EntityFrameworkCore.Storage.Internal.RelationalCommand.ExecuteNonQuery(IRelationalConnection connection, IReadOnlyDictionary`2 parameterValues)
   at Microsoft.EntityFrameworkCore.RelationalDatabaseFacadeExtensions.ExecuteSqlCommand(DatabaseFacade databaseFacade, RawSqlString sql, IEnumerable`1 parameters)
   at AspireSystems.Service.Repository.BaseRepositoryAsync`1.AddQuery(String query, List`1 parameters) in C:\Users\Sony\Documents\Visual Studio 2015\Projects\TakeYourJob\Source Code Base\CompanyName.Service\Repository\BaseRepositoryAsync.cs:line 232
   at AspireSystems.TakeYourJob.BusinessService.Repository.ApplicantRepository.EntityPassing(Applicant candidate) in C:\Users\Sony\Documents\Visual Studio 2015\Projects\TakeYourJob\Source Code Base\CompanyName.ProductName.BusinessService\Repository\ApplicantRepository.cs:line 71
   at AspireSystems.TakeYourJob.BusinessService.Services.ApplicantService.EntityPassing(Applicant candidate) in C:\Users\Sony\Documents\Visual Studio 2015\Projects\TakeYourJob\Source Code Base\CompanyName.ProductName.BusinessService\Services\ApplicantService.cs:line 28
   at AspireSystems.TakeYourJob.WebApi.Controllers.ApplicantController.PostApplicant(ApplicantDto Applicant) in C:\Users\Sony\Documents\Visual Studio 2015\Projects\TakeYourJob\Source Code Base\CompanyName.ProductName.WebApi\Controllers\ApplicantController.cs:line 61
   at lambda_method(Closure , Object , Object[] )
   at Microsoft.AspNetCore.Mvc.Internal.ActionMethodExecutor.SyncActionResultExecutor.Execute(IActionResultTypeMapper mapper, ObjectMethodExecutor executor, Object controller, Object[] arguments)
   at Microsoft.AspNetCore.Mvc.Internal.ControllerActionInvoker.InvokeActionMethodAsync()
   at Microsoft.AspNetCore.Mvc.Internal.ControllerActionInvoker.InvokeNextActionFilterAsync()
   at Microsoft.AspNetCore.Mvc.Internal.ControllerActionInvoker.Rethrow(ActionExecutedContext context)
   at Microsoft.AspNetCore.Mvc.Internal.ControllerActionInvoker.Next(State& next, Scope& scope, Object& state, Boolean& isCompleted)
   at Microsoft.AspNetCore.Mvc.Internal.ControllerActionInvoker.InvokeInnerFilterAsync()
   at Microsoft.AspNetCore.Mvc.Internal.ResourceInvoker.InvokeNextExceptionFilterAsync()
ClientConnectionId:7016ec4d-cc1b-48f2-8418-affc0b282219
Error Number:8178,State:1,Class:16
User Name : 
URL : /api/Applicant/PostApplicant
Content : 

ERROR 10-14 06:32:28.3952  [66]  System.Data.SqlClient.SqlException (0x80131904): The parameterized query '(@p0 nvarchar(4),@p1 nvarchar(14),@p2 bigint,@p3 nvarchar(10),@p' expects the parameter '@p10', which was not supplied.
   at System.Data.SqlClient.SqlConnection.OnError(SqlException exception, Boolean breakConnection, Action`1 wrapCloseInAction)
   at System.Data.SqlClient.TdsParser.ThrowExceptionAndWarning(TdsParserStateObject stateObj, Boolean callerHasConnectionLock, Boolean asyncClose)
   at System.Data.SqlClient.TdsParser.TryRun(RunBehavior runBehavior, SqlCommand cmdHandler, SqlDataReader dataStream, BulkCopySimpleResultSet bulkCopyHandler, TdsParserStateObject stateObj, Boolean& dataReady)
   at System.Data.SqlClient.SqlCommand.FinishExecuteReader(SqlDataReader ds, RunBehavior runBehavior, String resetOptionsString)
   at System.Data.SqlClient.SqlCommand.RunExecuteReaderTds(CommandBehavior cmdBehavior, RunBehavior runBehavior, Boolean returnStream, Boolean async, Int32 timeout, Task& task, Boolean asyncWrite, SqlDataReader ds)
   at System.Data.SqlClient.SqlCommand.InternalExecuteNonQuery(TaskCompletionSource`1 completion, Boolean sendToPipe, Int32 timeout, Boolean asyncWrite, String methodName)
   at System.Data.SqlClient.SqlCommand.ExecuteNonQuery()
   at Microsoft.EntityFrameworkCore.Storage.Internal.RelationalCommand.Execute(IRelationalConnection connection, DbCommandMethod executeMethod, IReadOnlyDictionary`2 parameterValues)
   at Microsoft.EntityFrameworkCore.Storage.Internal.RelationalCommand.ExecuteNonQuery(IRelationalConnection connection, IReadOnlyDictionary`2 parameterValues)
   at Microsoft.EntityFrameworkCore.RelationalDatabaseFacadeExtensions.ExecuteSqlCommand(DatabaseFacade databaseFacade, RawSqlString sql, IEnumerable`1 parameters)
   at AspireSystems.Service.Repository.BaseRepositoryAsync`1.AddQuery(String query, List`1 parameters) in C:\Users\Sony\Documents\Visual Studio 2015\Projects\TakeYourJob\Source Code Base\CompanyName.Service\Repository\BaseRepositoryAsync.cs:line 232
   at AspireSystems.TakeYourJob.BusinessService.Repository.ApplicantRepository.EntityPassing(Applicant candidate) in C:\Users\Sony\Documents\Visual Studio 2015\Projects\TakeYourJob\Source Code Base\CompanyName.ProductName.BusinessService\Repository\ApplicantRepository.cs:line 71
   at AspireSystems.TakeYourJob.BusinessService.Services.ApplicantService.EntityPassing(Applicant candidate) in C:\Users\Sony\Documents\Visual Studio 2015\Projects\TakeYourJob\Source Code Base\CompanyName.ProductName.BusinessService\Services\ApplicantService.cs:line 28
   at AspireSystems.TakeYourJob.WebApi.Controllers.ApplicantController.PostApplicant(ApplicantDto Applicant) in C:\Users\Sony\Documents\Visual Studio 2015\Projects\TakeYourJob\Source Code Base\CompanyName.ProductName.WebApi\Controllers\ApplicantController.cs:line 61
   at lambda_method(Closure , Object , Object[] )
   at Microsoft.AspNetCore.Mvc.Internal.ActionMethodExecutor.SyncActionResultExecutor.Execute(IActionResultTypeMapper mapper, ObjectMethodExecutor executor, Object controller, Object[] arguments)
   at Microsoft.AspNetCore.Mvc.Internal.ControllerActionInvoker.InvokeActionMethodAsync()
   at Microsoft.AspNetCore.Mvc.Internal.ControllerActionInvoker.InvokeNextActionFilterAsync()
   at Microsoft.AspNetCore.Mvc.Internal.ControllerActionInvoker.Rethrow(ActionExecutedContext context)
   at Microsoft.AspNetCore.Mvc.Internal.ControllerActionInvoker.Next(State& next, Scope& scope, Object& state, Boolean& isCompleted)
   at Microsoft.AspNetCore.Mvc.Internal.ControllerActionInvoker.InvokeInnerFilterAsync()
   at Microsoft.AspNetCore.Mvc.Internal.ResourceInvoker.InvokeNextExceptionFilterAsync()
ClientConnectionId:7016ec4d-cc1b-48f2-8418-affc0b282219
Error Number:8178,State:1,Class:16
User Name : 
URL : /api/Applicant/PostApplicant
Content : 

ERROR 10-14 07:10:13.8117  [64]  System.Data.SqlClient.SqlException (0x80131904): The INSERT statement conflicted with the FOREIGN KEY constraint "FK_Applicant_Role_RoleId". The conflict occurred in database "TakeYourJob", table "dbo.Role", column 'Id'.
The INSERT statement conflicted with the FOREIGN KEY constraint "FK_Login_Role_RoleId". The conflict occurred in database "TakeYourJob", table "dbo.Role", column 'Id'.
The statement has been terminated.
The statement has been terminated.
   at System.Data.SqlClient.SqlConnection.OnError(SqlException exception, Boolean breakConnection, Action`1 wrapCloseInAction)
   at System.Data.SqlClient.TdsParser.ThrowExceptionAndWarning(TdsParserStateObject stateObj, Boolean callerHasConnectionLock, Boolean asyncClose)
   at System.Data.SqlClient.TdsParser.TryRun(RunBehavior runBehavior, SqlCommand cmdHandler, SqlDataReader dataStream, BulkCopySimpleResultSet bulkCopyHandler, TdsParserStateObject stateObj, Boolean& dataReady)
   at System.Data.SqlClient.SqlCommand.FinishExecuteReader(SqlDataReader ds, RunBehavior runBehavior, String resetOptionsString)
   at System.Data.SqlClient.SqlCommand.RunExecuteReaderTds(CommandBehavior cmdBehavior, RunBehavior runBehavior, Boolean returnStream, Boolean async, Int32 timeout, Task& task, Boolean asyncWrite, SqlDataReader ds)
   at System.Data.SqlClient.SqlCommand.InternalExecuteNonQuery(TaskCompletionSource`1 completion, Boolean sendToPipe, Int32 timeout, Boolean asyncWrite, String methodName)
   at System.Data.SqlClient.SqlCommand.ExecuteNonQuery()
   at Microsoft.EntityFrameworkCore.Storage.Internal.RelationalCommand.Execute(IRelationalConnection connection, DbCommandMethod executeMethod, IReadOnlyDictionary`2 parameterValues)
   at Microsoft.EntityFrameworkCore.Storage.Internal.RelationalCommand.ExecuteNonQuery(IRelationalConnection connection, IReadOnlyDictionary`2 parameterValues)
   at Microsoft.EntityFrameworkCore.RelationalDatabaseFacadeExtensions.ExecuteSqlCommand(DatabaseFacade databaseFacade, RawSqlString sql, IEnumerable`1 parameters)
   at AspireSystems.Service.Repository.BaseRepositoryAsync`1.AddQuery(String query, List`1 parameters) in C:\Users\Sony\Documents\Visual Studio 2015\Projects\TakeYourJob\Source Code Base\CompanyName.Service\Repository\BaseRepositoryAsync.cs:line 232
   at AspireSystems.TakeYourJob.BusinessService.Repository.ApplicantRepository.EntityPassing(Applicant candidate) in C:\Users\Sony\Documents\Visual Studio 2015\Projects\TakeYourJob\Source Code Base\CompanyName.ProductName.BusinessService\Repository\ApplicantRepository.cs:line 71
   at AspireSystems.TakeYourJob.BusinessService.Services.ApplicantService.EntityPassing(Applicant candidate) in C:\Users\Sony\Documents\Visual Studio 2015\Projects\TakeYourJob\Source Code Base\CompanyName.ProductName.BusinessService\Services\ApplicantService.cs:line 28
   at AspireSystems.TakeYourJob.WebApi.Controllers.ApplicantController.PostApplicant(ApplicantDto Applicant) in C:\Users\Sony\Documents\Visual Studio 2015\Projects\TakeYourJob\Source Code Base\CompanyName.ProductName.WebApi\Controllers\ApplicantController.cs:line 61
   at lambda_method(Closure , Object , Object[] )
   at Microsoft.AspNetCore.Mvc.Internal.ActionMethodExecutor.SyncActionResultExecutor.Execute(IActionResultTypeMapper mapper, ObjectMethodExecutor executor, Object controller, Object[] arguments)
   at Microsoft.AspNetCore.Mvc.Internal.ControllerActionInvoker.InvokeActionMethodAsync()
   at Microsoft.AspNetCore.Mvc.Internal.ControllerActionInvoker.InvokeNextActionFilterAsync()
   at Microsoft.AspNetCore.Mvc.Internal.ControllerActionInvoker.Rethrow(ActionExecutedContext context)
   at Microsoft.AspNetCore.Mvc.Internal.ControllerActionInvoker.Next(State& next, Scope& scope, Object& state, Boolean& isCompleted)
   at Microsoft.AspNetCore.Mvc.Internal.ControllerActionInvoker.InvokeInnerFilterAsync()
   at Microsoft.AspNetCore.Mvc.Internal.ResourceInvoker.InvokeNextExceptionFilterAsync()
ClientConnectionId:a893918e-471b-4e02-a813-7e45a297c5e5
Error Number:547,State:0,Class:16
User Name : 
URL : /api/Applicant/PostApplicant
Content : 

ERROR 10-14 07:39:27.7230  [54]  System.Data.SqlClient.SqlException (0x80131904): The INSERT statement conflicted with the FOREIGN KEY constraint "FK_Applicant_Role_RoleId". The conflict occurred in database "TakeYourJob", table "dbo.Role", column 'Id'.
The INSERT statement conflicted with the FOREIGN KEY constraint "FK_Login_Role_RoleId". The conflict occurred in database "TakeYourJob", table "dbo.Role", column 'Id'.
The statement has been terminated.
The statement has been terminated.
   at System.Data.SqlClient.SqlConnection.OnError(SqlException exception, Boolean breakConnection, Action`1 wrapCloseInAction)
   at System.Data.SqlClient.TdsParser.ThrowExceptionAndWarning(TdsParserStateObject stateObj, Boolean callerHasConnectionLock, Boolean asyncClose)
   at System.Data.SqlClient.TdsParser.TryRun(RunBehavior runBehavior, SqlCommand cmdHandler, SqlDataReader dataStream, BulkCopySimpleResultSet bulkCopyHandler, TdsParserStateObject stateObj, Boolean& dataReady)
   at System.Data.SqlClient.SqlCommand.FinishExecuteReader(SqlDataReader ds, RunBehavior runBehavior, String resetOptionsString)
   at System.Data.SqlClient.SqlCommand.RunExecuteReaderTds(CommandBehavior cmdBehavior, RunBehavior runBehavior, Boolean returnStream, Boolean async, Int32 timeout, Task& task, Boolean asyncWrite, SqlDataReader ds)
   at System.Data.SqlClient.SqlCommand.InternalExecuteNonQuery(TaskCompletionSource`1 completion, Boolean sendToPipe, Int32 timeout, Boolean asyncWrite, String methodName)
   at System.Data.SqlClient.SqlCommand.ExecuteNonQuery()
   at Microsoft.EntityFrameworkCore.Storage.Internal.RelationalCommand.Execute(IRelationalConnection connection, DbCommandMethod executeMethod, IReadOnlyDictionary`2 parameterValues)
   at Microsoft.EntityFrameworkCore.Storage.Internal.RelationalCommand.ExecuteNonQuery(IRelationalConnection connection, IReadOnlyDictionary`2 parameterValues)
   at Microsoft.EntityFrameworkCore.RelationalDatabaseFacadeExtensions.ExecuteSqlCommand(DatabaseFacade databaseFacade, RawSqlString sql, IEnumerable`1 parameters)
   at AspireSystems.Service.Repository.BaseRepositoryAsync`1.AddQuery(String query, List`1 parameters) in C:\Users\Sony\Documents\Visual Studio 2015\Projects\TakeYourJob\Source Code Base\CompanyName.Service\Repository\BaseRepositoryAsync.cs:line 232
   at AspireSystems.TakeYourJob.BusinessService.Repository.ApplicantRepository.EntityPassing(Applicant candidate) in C:\Users\Sony\Documents\Visual Studio 2015\Projects\TakeYourJob\Source Code Base\CompanyName.ProductName.BusinessService\Repository\ApplicantRepository.cs:line 71
   at AspireSystems.TakeYourJob.BusinessService.Services.ApplicantService.EntityPassing(Applicant candidate) in C:\Users\Sony\Documents\Visual Studio 2015\Projects\TakeYourJob\Source Code Base\CompanyName.ProductName.BusinessService\Services\ApplicantService.cs:line 28
   at AspireSystems.TakeYourJob.WebApi.Controllers.ApplicantController.PostApplicant(ApplicantDto Applicant) in C:\Users\Sony\Documents\Visual Studio 2015\Projects\TakeYourJob\Source Code Base\CompanyName.ProductName.WebApi\Controllers\ApplicantController.cs:line 61
   at lambda_method(Closure , Object , Object[] )
   at Microsoft.AspNetCore.Mvc.Internal.ActionMethodExecutor.SyncActionResultExecutor.Execute(IActionResultTypeMapper mapper, ObjectMethodExecutor executor, Object controller, Object[] arguments)
   at Microsoft.AspNetCore.Mvc.Internal.ControllerActionInvoker.InvokeActionMethodAsync()
   at Microsoft.AspNetCore.Mvc.Internal.ControllerActionInvoker.InvokeNextActionFilterAsync()
   at Microsoft.AspNetCore.Mvc.Internal.ControllerActionInvoker.Rethrow(ActionExecutedContext context)
   at Microsoft.AspNetCore.Mvc.Internal.ControllerActionInvoker.Next(State& next, Scope& scope, Object& state, Boolean& isCompleted)
   at Microsoft.AspNetCore.Mvc.Internal.ControllerActionInvoker.InvokeInnerFilterAsync()
   at Microsoft.AspNetCore.Mvc.Internal.ResourceInvoker.InvokeNextExceptionFilterAsync()
ClientConnectionId:0b1d9243-9218-4d7a-9467-87d41a44a2d5
Error Number:547,State:0,Class:16
User Name : 
URL : /api/Applicant/PostApplicant
Content : 

